<?xml version="1.0" encoding="UTF-8"?>
<!-- Generated by org.testng.reporters.JUnitReportReporter -->
<testsuite hostname="win7-x64" name="OnlineBanking.PageFooterValidationTestCase" tests="1" failures="0" timestamp="10 Jul 2018 11:35:51 GMT" time="1.132" errors="0">
  <testcase name="getFooter" time="1.132" classname="OnlineBanking.PageFooterValidationTestCase"/>
</testsuite> <!-- OnlineBanking.PageFooterValidationTestCase -->
