<?xml version="1.0" encoding="UTF-8"?>
<!-- Generated by org.testng.reporters.JUnitReportReporter -->
<testsuite hostname="win7-x64" name="OnlineBanking.HomePageTestCase" tests="1" failures="0" timestamp="11 Jul 2018 09:02:23 GMT" time="3.149" errors="0">
  <testcase name="basePageNavigation" time="3.149" classname="OnlineBanking.HomePageTestCase"/>
</testsuite> <!-- OnlineBanking.HomePageTestCase -->
