<?xml version="1.0" encoding="UTF-8"?>
<!-- Generated by org.testng.reporters.JUnitReportReporter -->
<testsuite hostname="win7-x64" name="OnlineBanking.LoginPageTestCase" tests="2" failures="0" timestamp="11 Jul 2018 09:02:23 GMT" time="4.437" errors="0">
  <testcase name="loginPage" time="0.640" classname="OnlineBanking.LoginPageTestCase"/>
  <testcase name="loginPage" time="3.797" classname="OnlineBanking.LoginPageTestCase"/>
</testsuite> <!-- OnlineBanking.LoginPageTestCase -->
